0 info it worked if it ends with ok
1 verbose cli [ 'node', '/home/hxg/.nvm/v0.10.34/bin/npm', 'run', 'elex' ]
2 info using npm@2.7.6
3 info using node@v0.10.34
4 verbose run-script [ 'preelex', 'elex', 'postelex' ]
5 info preelex farmbuild-dairy-nutrient-calculator@0.1.2
6 info elex farmbuild-dairy-nutrient-calculator@0.1.2
7 verbose unsafe-perm in lifecycle true
8 info farmbuild-dairy-nutrient-calculator@0.1.2 Failed to exec elex script
9 verbose stack Error: farmbuild-dairy-nutrient-calculator@0.1.2 elex: `protractor protractor.conf.js --elementExplorer`
9 verbose stack Exit status 1
9 verbose stack     at EventEmitter.<anonymous> (/home/hxg/.nvm/v0.10.34/lib/node_modules/npm/lib/utils/lifecycle.js:213:16)
9 verbose stack     at EventEmitter.emit (events.js:98:17)
9 verbose stack     at ChildProcess.<anonymous> (/home/hxg/.nvm/v0.10.34/lib/node_modules/npm/lib/utils/spawn.js:14:12)
9 verbose stack     at ChildProcess.emit (events.js:98:17)
9 verbose stack     at maybeClose (child_process.js:766:16)
9 verbose stack     at Process.ChildProcess._handle.onexit (child_process.js:833:5)
10 verbose pkgid farmbuild-dairy-nutrient-calculator@0.1.2
11 verbose cwd /home/hxg/Development/sefs/farmbuild-dairy-nutrient-calculator
12 error Linux 3.13.0-49-generic
13 error argv "node" "/home/hxg/.nvm/v0.10.34/bin/npm" "run" "elex"
14 error node v0.10.34
15 error npm  v2.7.6
16 error code ELIFECYCLE
17 error farmbuild-dairy-nutrient-calculator@0.1.2 elex: `protractor protractor.conf.js --elementExplorer`
17 error Exit status 1
18 error Failed at the farmbuild-dairy-nutrient-calculator@0.1.2 elex script 'protractor protractor.conf.js --elementExplorer'.
18 error This is most likely a problem with the farmbuild-dairy-nutrient-calculator package,
18 error not with npm itself.
18 error Tell the author that this fails on your system:
18 error     protractor protractor.conf.js --elementExplorer
18 error You can get their info via:
18 error     npm owner ls farmbuild-dairy-nutrient-calculator
18 error There is likely additional logging output above.
19 verbose exit [ 1, true ]
